2024-12-04 08:11:57.241 [info] [main] Log level: Info
2024-12-04 08:11:57.241 [info] [main] Validating found git in: "git"
2024-12-04 08:11:57.241 [info] [main] Using git "2.47.1" from "git"
2024-12-04 08:11:57.241 [info] [Model][doInitialScan] Initial repository scan started
2024-12-04 08:11:57.241 [info] > git rev-parse --show-toplevel [6ms]
2024-12-04 08:11:57.241 [info] fatal: not a git repository (or any of the parent directories): .git
2024-12-04 08:11:57.241 [info] > git rev-parse --show-toplevel [29ms]
2024-12-04 08:11:57.241 [info] fatal: not a git repository (or any of the parent directories): .git
2024-12-04 08:11:57.248 [info] > git rev-parse --show-toplevel [1ms]
2024-12-04 08:11:57.248 [info] fatal: not a git repository (or any of the parent directories): .git
2024-12-04 08:11:57.252 [info] > git rev-parse --show-toplevel [1ms]
2024-12-04 08:11:57.252 [info] fatal: not a git repository (or any of the parent directories): .git
2024-12-04 08:11:57.257 [info] > git rev-parse --show-toplevel [0ms]
2024-12-04 08:11:57.257 [info] fatal: not a git repository (or any of the parent directories): .git
2024-12-04 08:11:57.263 [info] > git rev-parse --show-toplevel [2ms]
2024-12-04 08:11:57.263 [info] fatal: not a git repository (or any of the parent directories): .git
2024-12-04 08:11:57.274 [info] > git rev-parse --show-toplevel [7ms]
2024-12-04 08:11:57.274 [info] fatal: not a git repository (or any of the parent directories): .git
2024-12-04 08:11:57.283 [info] > git rev-parse --show-toplevel [2ms]
2024-12-04 08:11:57.283 [info] fatal: not a git repository (or any of the parent directories): .git
2024-12-04 08:11:57.295 [info] > git rev-parse --show-toplevel [5ms]
2024-12-04 08:11:57.295 [info] fatal: not a git repository (or any of the parent directories): .git
2024-12-04 08:11:57.301 [info] > git rev-parse --show-toplevel [1ms]
2024-12-04 08:11:57.301 [info] fatal: not a git repository (or any of the parent directories): .git
2024-12-04 08:11:57.308 [info] > git rev-parse --show-toplevel [2ms]
2024-12-04 08:11:57.309 [info] fatal: not a git repository (or any of the parent directories): .git
2024-12-04 08:11:57.318 [info] > git rev-parse --show-toplevel [2ms]
2024-12-04 08:11:57.318 [info] fatal: not a git repository (or any of the parent directories): .git
2024-12-04 08:11:57.318 [info] [Model][doInitialScan] Initial repository scan completed - repositories (0), closed repositories (0), parent repositories (0), unsafe repositories (0)
2024-12-04 08:11:57.325 [info] > git rev-parse --show-toplevel [2ms]
2024-12-04 08:11:57.325 [info] fatal: not a git repository (or any of the parent directories): .git
2024-12-04 08:11:57.330 [info] > git rev-parse --show-toplevel [1ms]
2024-12-04 08:11:57.330 [info] fatal: not a git repository (or any of the parent directories): .git
2024-12-04 08:11:58.210 [info] > git rev-parse --show-toplevel [2ms]
2024-12-04 08:11:58.210 [info] fatal: not a git repository (or any of the parent directories): .git
2024-12-04 08:12:56.107 [info] > git rev-parse --show-toplevel [1ms]
2024-12-04 08:12:56.112 [info] > git rev-parse --git-dir --git-common-dir [1ms]
2024-12-04 08:12:56.121 [info] [Model][openRepository] Opened repository: /home/alex/.config
2024-12-04 08:12:56.129 [info] > git config --get commit.template [1ms]
2024-12-04 08:12:56.136 [info] [Git][getRemotes] No remotes found in the git config file
2024-12-04 08:12:56.201 [info] > git for-each-ref --format=%(refname)%00%(upstream:short)%00%(objectname)%00%(upstream:track)%00%(upstream:remotename)%00%(upstream:remoteref) refs/heads/master refs/remotes/master [66ms]
2024-12-04 08:12:56.202 [warning] [Git][getBranch] No such branch: master
2024-12-04 08:12:56.216 [info] > git status -z -uall [7ms]
2024-12-04 08:12:56.217 [info] > git for-each-ref --sort -committerdate --format %(refname) %(objectname) %(*objectname) [2ms]
2024-12-04 08:12:56.239 [info] > git for-each-ref --format=%(refname)%00%(upstream:short)%00%(objectname)%00%(upstream:track)%00%(upstream:remotename)%00%(upstream:remoteref) refs/heads/master refs/remotes/master [8ms]
2024-12-04 08:12:56.239 [warning] [Git][getBranch] No such branch: master
2024-12-04 08:12:56.239 [error] [GitHistoryProvider][resolveHEADMergeBase] Failed to resolve merge base for master: Error: No such branch: master.
2024-12-04 08:12:56.241 [info] > git config --get commit.template [3ms]
2024-12-04 08:12:56.242 [info] [Git][getRemotes] No remotes found in the git config file
2024-12-04 08:12:56.249 [info] > git for-each-ref --format=%(refname)%00%(upstream:short)%00%(objectname)%00%(upstream:track)%00%(upstream:remotename)%00%(upstream:remoteref) refs/heads/master refs/remotes/master [3ms]
2024-12-04 08:12:56.249 [warning] [Git][getBranch] No such branch: master
2024-12-04 08:12:56.258 [info] > git status -z -uall [5ms]
2024-12-04 08:12:56.258 [info] > git for-each-ref --sort -committerdate --format %(refname) %(objectname) %(*objectname) [2ms]
2024-12-04 08:12:56.536 [info] > git show --textconv :hypr/hyprland.conf [6ms]
2024-12-04 08:12:56.537 [info] > git ls-files --stage -- /home/alex/.config/hypr/hyprland.conf [1ms]
2024-12-04 08:12:56.642 [info] > git check-ignore -v -z --stdin [2ms]
2024-12-04 08:13:03.947 [info] [Git][getRemotes] No remotes found in the git config file
2024-12-04 08:13:03.948 [info] > git config --get commit.template [6ms]
2024-12-04 08:13:03.948 [info] > git for-each-ref --format=%(refname)%00%(upstream:short)%00%(objectname)%00%(upstream:track)%00%(upstream:remotename)%00%(upstream:remoteref) refs/heads/master refs/remotes/master [1ms]
2024-12-04 08:13:03.949 [warning] [Git][getBranch] No such branch: master
2024-12-04 08:13:03.957 [info] > git status -z -uall [4ms]
2024-12-04 08:13:03.959 [info] > git for-each-ref --sort -committerdate --format %(refname) %(objectname) %(*objectname) [2ms]
2024-12-04 08:13:45.561 [info] [Git][getRemotes] No remotes found in the git config file
2024-12-04 08:13:45.561 [info] > git config --get commit.template [7ms]
2024-12-04 08:13:45.562 [info] > git for-each-ref --format=%(refname)%00%(upstream:short)%00%(objectname)%00%(upstream:track)%00%(upstream:remotename)%00%(upstream:remoteref) refs/heads/master refs/remotes/master [2ms]
2024-12-04 08:13:45.562 [warning] [Git][getBranch] No such branch: master
2024-12-04 08:13:45.571 [info] > git status -z -uall [5ms]
2024-12-04 08:13:45.573 [info] > git for-each-ref --sort -committerdate --format %(refname) %(objectname) %(*objectname) [3ms]
2024-12-04 08:14:09.110 [info] [Git][getRemotes] No remotes found in the git config file
2024-12-04 08:14:09.111 [info] > git config --get commit.template [8ms]
2024-12-04 08:14:09.112 [info] > git for-each-ref --format=%(refname)%00%(upstream:short)%00%(objectname)%00%(upstream:track)%00%(upstream:remotename)%00%(upstream:remoteref) refs/heads/master refs/remotes/master [2ms]
2024-12-04 08:14:09.112 [warning] [Git][getBranch] No such branch: master
2024-12-04 08:14:09.121 [info] > git status -z -uall [5ms]
2024-12-04 08:14:09.122 [info] > git for-each-ref --sort -committerdate --format %(refname) %(objectname) %(*objectname) [2ms]
2024-12-04 08:14:14.483 [info] [Git][getRemotes] No remotes found in the git config file
2024-12-04 08:14:14.484 [info] > git config --get commit.template [7ms]
2024-12-04 08:14:14.484 [info] > git for-each-ref --format=%(refname)%00%(upstream:short)%00%(objectname)%00%(upstream:track)%00%(upstream:remotename)%00%(upstream:remoteref) refs/heads/master refs/remotes/master [1ms]
2024-12-04 08:14:14.484 [warning] [Git][getBranch] No such branch: master
2024-12-04 08:14:14.492 [info] > git status -z -uall [4ms]
2024-12-04 08:14:14.494 [info] > git for-each-ref --sort -committerdate --format %(refname) %(objectname) %(*objectname) [2ms]
2024-12-04 08:14:32.807 [info] [Git][getRemotes] No remotes found in the git config file
2024-12-04 08:14:32.807 [info] > git config --get commit.template [5ms]
2024-12-04 08:14:32.808 [info] > git for-each-ref --format=%(refname)%00%(upstream:short)%00%(objectname)%00%(upstream:track)%00%(upstream:remotename)%00%(upstream:remoteref) refs/heads/master refs/remotes/master [2ms]
2024-12-04 08:14:32.808 [warning] [Git][getBranch] No such branch: master
2024-12-04 08:14:32.816 [info] > git status -z -uall [5ms]
2024-12-04 08:14:32.817 [info] > git for-each-ref --sort -committerdate --format %(refname) %(objectname) %(*objectname) [2ms]
2024-12-04 08:15:03.500 [info] [Git][getRemotes] No remotes found in the git config file
2024-12-04 08:15:03.501 [info] > git config --get commit.template [6ms]
2024-12-04 08:15:03.501 [info] > git for-each-ref --format=%(refname)%00%(upstream:short)%00%(objectname)%00%(upstream:track)%00%(upstream:remotename)%00%(upstream:remoteref) refs/heads/master refs/remotes/master [1ms]
2024-12-04 08:15:03.501 [warning] [Git][getBranch] No such branch: master
2024-12-04 08:15:03.510 [info] > git status -z -uall [5ms]
2024-12-04 08:15:03.511 [info] > git for-each-ref --sort -committerdate --format %(refname) %(objectname) %(*objectname) [2ms]
