2024-12-03 07:52:02.551 [info] [main] Log level: Info
2024-12-03 07:52:02.551 [info] [main] Validating found git in: "git"
2024-12-03 07:52:02.551 [info] [main] Using git "2.47.1" from "git"
2024-12-03 07:52:02.551 [info] [Model][doInitialScan] Initial repository scan started
2024-12-03 07:52:02.551 [info] > git rev-parse --show-toplevel [12ms]
2024-12-03 07:52:02.551 [info] fatal: not a git repository (or any of the parent directories): .git
2024-12-03 07:52:02.551 [info] > git rev-parse --show-toplevel [12ms]
2024-12-03 07:52:02.552 [info] > git rev-parse --git-dir --git-common-dir [2ms]
2024-12-03 07:52:02.565 [info] [Model][openRepository] Opened repository: /home/alex/citytheme/.config
2024-12-03 07:52:02.567 [info] [Model][doInitialScan] Initial repository scan completed - repositories (1), closed repositories (0), parent repositories (0), unsafe repositories (0)
2024-12-03 07:52:02.575 [info] > git config --get commit.template [2ms]
2024-12-03 07:52:02.582 [info] > git for-each-ref --format=%(refname)%00%(upstream:short)%00%(objectname)%00%(upstream:track)%00%(upstream:remotename)%00%(upstream:remoteref) refs/heads/main refs/remotes/main [2ms]
2024-12-03 07:52:02.590 [warning] [Git][revParse] Unable to read file: ENOENT: no such file or directory, open '/home/alex/citytheme/.config/.git/refs/remotes/origin/main'
2024-12-03 07:52:02.591 [info] > git rev-parse refs/remotes/origin/main [1ms]
2024-12-03 07:52:02.607 [info] > git for-each-ref --sort -committerdate --format %(refname) %(objectname) %(*objectname) [1ms]
2024-12-03 07:52:02.798 [info] > git status -z -uall [200ms]
2024-12-03 07:52:02.822 [info] > git for-each-ref --format=%(refname)%00%(upstream:short)%00%(objectname)%00%(upstream:track)%00%(upstream:remotename)%00%(upstream:remoteref) refs/heads/main refs/remotes/main [9ms]
2024-12-03 07:52:02.829 [info] > git config --local branch.main.vscode-merge-base [2ms]
2024-12-03 07:52:02.834 [info] > git config --get commit.template [12ms]
2024-12-03 07:52:02.876 [info] > git for-each-ref --format=%(refname)%00%(upstream:short)%00%(objectname)%00%(upstream:track)%00%(upstream:remotename)%00%(upstream:remoteref) refs/heads/origin/main refs/remotes/origin/main [43ms]
2024-12-03 07:52:02.898 [info] > git merge-base refs/heads/main refs/remotes/origin/main [17ms]
2024-12-03 07:52:02.904 [info] > git for-each-ref --format=%(refname)%00%(upstream:short)%00%(objectname)%00%(upstream:track)%00%(upstream:remotename)%00%(upstream:remoteref) refs/heads/main refs/remotes/main [29ms]
2024-12-03 07:52:02.911 [warning] [Git][revParse] Unable to read file: ENOENT: no such file or directory, open '/home/alex/citytheme/.config/.git/refs/remotes/origin/main'
2024-12-03 07:52:02.911 [info] > git diff --name-status -z --diff-filter=ADMR 491b1cf8744d0abd81d54b2644d90cfa8c7708bc...refs/remotes/origin/main [8ms]
2024-12-03 07:52:02.929 [info] > git show --textconv :gtk-3.0/bookmarks [11ms]
2024-12-03 07:52:02.930 [info] > git rev-parse refs/remotes/origin/main [19ms]
2024-12-03 07:52:02.943 [info] > git ls-files --stage -- /home/alex/citytheme/.config/gtk-3.0/bookmarks [16ms]
2024-12-03 07:52:02.950 [info] > git for-each-ref --sort -committerdate --format %(refname) %(objectname) %(*objectname) [9ms]
2024-12-03 07:52:02.951 [info] > git cat-file -s 081a28cd4fa2bc4fc9dcb1637a2acdd0ee741d7a [2ms]
2024-12-03 07:52:03.091 [info] > git check-ignore -v -z --stdin [2ms]
2024-12-03 07:52:03.137 [info] > git status -z -uall [202ms]
2024-12-03 07:52:04.130 [info] > git rev-parse --show-toplevel [1ms]
2024-12-03 07:52:04.130 [info] fatal: not a git repository (or any of the parent directories): .git
2024-12-03 07:52:10.655 [info] > git check-ignore -v -z --stdin [2ms]
2024-12-03 07:52:12.616 [info] > git check-ignore -v -z --stdin [1ms]
2024-12-03 07:52:14.107 [info] > git check-ignore -v -z --stdin [3ms]
2024-12-03 07:53:53.273 [info] > git check-ignore -v -z --stdin [4ms]
2024-12-03 07:53:54.865 [info] > git check-ignore -v -z --stdin [4ms]
2024-12-03 07:53:55.301 [info] > git show --textconv :i3/.scripts/next.sh [6ms]
2024-12-03 07:53:55.302 [info] > git ls-files --stage -- /home/alex/citytheme/.config/i3/.scripts/next.sh [2ms]
2024-12-03 07:53:55.307 [info] > git cat-file -s ab27c602ef719c5348228477708d4b4b7efac0d8 [2ms]
2024-12-03 07:53:56.084 [info] > git show --textconv :i3/config [17ms]
2024-12-03 07:53:56.087 [info] > git ls-files --stage -- /home/alex/citytheme/.config/i3/config [5ms]
2024-12-03 07:53:56.106 [info] > git cat-file -s fdb1c6952d4e1bd1510de1be2cb39ae4cc33acaa [5ms]
2024-12-03 07:54:04.492 [info] > git show --textconv :i3/draculatheme [9ms]
2024-12-03 07:54:04.494 [info] > git ls-files --stage -- /home/alex/citytheme/.config/i3/draculatheme [3ms]
2024-12-03 07:54:04.504 [info] > git cat-file -s 41dde2a41a458488ae7eb7a5bf7b78707d19028a [3ms]
2024-12-03 07:54:27.552 [info] > git show --textconv :i3/config [18ms]
2024-12-03 07:54:27.555 [info] > git ls-files --stage -- /home/alex/citytheme/.config/i3/config [5ms]
2024-12-03 07:54:28.102 [info] > git cat-file -s fdb1c6952d4e1bd1510de1be2cb39ae4cc33acaa [3ms]
2024-12-03 07:54:54.026 [info] > git show --textconv :i3/gruvboxtheme [3ms]
2024-12-03 07:54:54.027 [info] > git ls-files --stage -- /home/alex/citytheme/.config/i3/gruvboxtheme [1ms]
2024-12-03 07:54:54.031 [info] > git cat-file -s 8499d59b3d6a441eee694a7e2107666a31066590 [1ms]
2024-12-03 07:54:57.487 [info] > git show --textconv :i3/draculatheme [15ms]
2024-12-03 07:54:57.490 [info] > git ls-files --stage -- /home/alex/citytheme/.config/i3/draculatheme [4ms]
2024-12-03 07:54:57.503 [info] > git cat-file -s 41dde2a41a458488ae7eb7a5bf7b78707d19028a [1ms]
2024-12-03 07:54:58.847 [info] > git show --textconv :i3/config [15ms]
2024-12-03 07:54:58.850 [info] > git ls-files --stage -- /home/alex/citytheme/.config/i3/config [4ms]
2024-12-03 07:54:58.866 [info] > git cat-file -s fdb1c6952d4e1bd1510de1be2cb39ae4cc33acaa [3ms]
2024-12-03 07:55:19.473 [info] > git check-ignore -v -z --stdin [1ms]
2024-12-03 07:55:19.981 [info] > git check-ignore -v -z --stdin [1ms]
2024-12-03 07:55:20.558 [info] > git show --textconv :picom/picom.conf [8ms]
2024-12-03 07:55:20.560 [info] > git ls-files --stage -- /home/alex/citytheme/.config/picom/picom.conf [2ms]
2024-12-03 07:55:20.569 [info] > git cat-file -s c03707cb8cf78a52c489a8300ac60de77b5f79ed [2ms]
