2024-12-03 07:44:32.495 [info] [main] Log level: Info
2024-12-03 07:44:32.495 [info] [main] Validating found git in: "git"
2024-12-03 07:44:32.495 [info] [main] Using git "2.47.1" from "git"
2024-12-03 07:44:32.495 [info] [Model][doInitialScan] Initial repository scan started
2024-12-03 07:44:32.495 [info] > git rev-parse --show-toplevel [7ms]
2024-12-03 07:44:32.495 [info] fatal: not a git repository (or any of the parent directories): .git
2024-12-03 07:44:32.495 [info] > git rev-parse --show-toplevel [14ms]
2024-12-03 07:44:32.495 [info] fatal: not a git repository (or any of the parent directories): .git
2024-12-03 07:44:32.502 [info] > git rev-parse --show-toplevel [2ms]
2024-12-03 07:44:32.502 [info] fatal: not a git repository (or any of the parent directories): .git
2024-12-03 07:44:32.508 [info] > git rev-parse --show-toplevel [1ms]
2024-12-03 07:44:32.508 [info] fatal: not a git repository (or any of the parent directories): .git
2024-12-03 07:44:32.514 [info] > git rev-parse --show-toplevel [1ms]
2024-12-03 07:44:32.514 [info] fatal: not a git repository (or any of the parent directories): .git
2024-12-03 07:44:32.520 [info] > git rev-parse --show-toplevel [1ms]
2024-12-03 07:44:32.520 [info] fatal: not a git repository (or any of the parent directories): .git
2024-12-03 07:44:32.525 [info] > git rev-parse --show-toplevel [1ms]
2024-12-03 07:44:32.525 [info] fatal: not a git repository (or any of the parent directories): .git
2024-12-03 07:44:32.531 [info] > git rev-parse --show-toplevel [1ms]
2024-12-03 07:44:32.531 [info] fatal: not a git repository (or any of the parent directories): .git
2024-12-03 07:44:32.537 [info] > git rev-parse --show-toplevel [1ms]
2024-12-03 07:44:32.537 [info] fatal: not a git repository (or any of the parent directories): .git
2024-12-03 07:44:32.541 [info] > git rev-parse --show-toplevel [1ms]
2024-12-03 07:44:32.541 [info] fatal: not a git repository (or any of the parent directories): .git
2024-12-03 07:44:32.548 [info] > git rev-parse --show-toplevel [1ms]
2024-12-03 07:44:32.548 [info] fatal: not a git repository (or any of the parent directories): .git
2024-12-03 07:44:32.553 [info] > git rev-parse --show-toplevel [1ms]
2024-12-03 07:44:32.553 [info] fatal: not a git repository (or any of the parent directories): .git
2024-12-03 07:44:32.554 [info] [Model][doInitialScan] Initial repository scan completed - repositories (0), closed repositories (0), parent repositories (0), unsafe repositories (0)
2024-12-03 07:44:33.132 [info] > git rev-parse --show-toplevel [2ms]
2024-12-03 07:44:33.132 [info] fatal: not a git repository (or any of the parent directories): .git
2024-12-03 07:44:33.250 [info] > git rev-parse --show-toplevel [2ms]
2024-12-03 07:44:33.250 [info] fatal: not a git repository (or any of the parent directories): .git
2024-12-03 07:44:33.951 [info] > git rev-parse --show-toplevel [4ms]
2024-12-03 07:44:33.951 [info] fatal: not a git repository (or any of the parent directories): .git
